{"level":"info","message":"⌛ Building environment","timeElapsed":155,"timestamp":"2024-09-11T00:33:44.106Z"}
{"level":"info","message":"⌛ Validating golosinas.wlk","timeElapsed":159,"timestamp":"2024-09-11T00:33:44.269Z"}
{"level":"info","message":"⌛ Building environment","timeElapsed":130,"timestamp":"2024-09-11T00:33:48.079Z"}
{"level":"info","message":"⌛ Validating golosinas.wlk","timeElapsed":168,"timestamp":"2024-09-11T00:33:48.248Z"}
{"level":"info","message":"⌛ Building environment","timeElapsed":160,"timestamp":"2024-09-11T00:33:48.789Z"}
{"level":"info","message":"⌛ Validating golosinas.wlk","timeElapsed":147,"timestamp":"2024-09-11T00:33:48.937Z"}
{"level":"info","message":"⌛ Building environment","timeElapsed":192,"timestamp":"2024-09-11T00:33:51.510Z"}
{"level":"info","message":"⌛ Validating golosinas.wlk","timeElapsed":154,"timestamp":"2024-09-11T00:33:51.665Z"}
{"level":"info","message":"⌛ Building environment","timeElapsed":126,"timestamp":"2024-09-11T00:33:57.466Z"}
{"level":"info","message":"⌛ Validating golosinas.wlk","timeElapsed":217,"timestamp":"2024-09-11T00:33:57.690Z"}
{"level":"info","message":"⌛ Building environment","timeElapsed":136,"timestamp":"2024-09-11T00:33:57.831Z"}
{"level":"info","message":"⌛ Validating golosinas.wlk","timeElapsed":142,"timestamp":"2024-09-11T00:33:57.984Z"}
{"level":"info","message":"⌛ Building environment","timeElapsed":155,"timestamp":"2024-09-11T00:33:59.378Z"}
{"level":"info","message":"⌛ Validating golosinas.wlk","timeElapsed":142,"timestamp":"2024-09-11T00:33:59.556Z"}
{"level":"info","message":"⌛ Building environment","timeElapsed":131,"timestamp":"2024-09-11T00:34:00.040Z"}
{"level":"info","message":"⌛ Validating golosinas.wlk","timeElapsed":167,"timestamp":"2024-09-11T00:34:00.208Z"}
{"level":"info","message":"⌛ Building environment","timeElapsed":141,"timestamp":"2024-09-11T00:34:00.349Z"}
{"level":"info","message":"⌛ Validating golosinas.wlk","timeElapsed":149,"timestamp":"2024-09-11T00:34:00.498Z"}
{"level":"info","message":"⌛ Building environment","timeElapsed":129,"timestamp":"2024-09-11T00:34:05.080Z"}
{"level":"info","message":"⌛ Building environment","timeElapsed":117,"timestamp":"2024-09-11T00:34:05.198Z"}
{"level":"info","message":"⌛ Validating golosinas.wlk","timeElapsed":144,"timestamp":"2024-09-11T00:34:05.342Z"}
{"level":"info","message":"⌛ Validating golosinas.wlk","timeElapsed":133,"timestamp":"2024-09-11T00:34:05.499Z"}
{"level":"info","message":"⌛ Building environment","timeElapsed":160,"timestamp":"2024-09-11T00:34:05.660Z"}
{"level":"info","message":"⌛ Building environment","timeElapsed":145,"timestamp":"2024-09-11T00:34:05.806Z"}
{"level":"info","message":"onRequest - completionItem/resolve","timestamp":"2024-09-11T00:34:05.807Z"}
{"level":"info","message":"⌛ Building environment","timeElapsed":135,"timestamp":"2024-09-11T00:34:05.942Z"}
{"level":"info","message":"onRequest - completionItem/resolve","timestamp":"2024-09-11T00:34:05.942Z"}
{"level":"info","message":"⌛ Validating golosinas.wlk","timeElapsed":134,"timestamp":"2024-09-11T00:34:06.075Z"}
{"level":"info","message":"⌛ Building environment","timeElapsed":114,"timestamp":"2024-09-11T00:34:06.191Z"}
{"level":"info","message":"onRequest - completionItem/resolve","timestamp":"2024-09-11T00:34:06.198Z"}
{"level":"info","message":"⌛ Validating golosinas.wlk","timeElapsed":152,"timestamp":"2024-09-11T00:34:06.349Z"}
{"level":"info","message":"⌛ Building environment","timeElapsed":116,"timestamp":"2024-09-11T00:34:06.466Z"}
{"level":"info","message":"onRequest - completionItem/resolve","timestamp":"2024-09-11T00:34:06.466Z"}
{"level":"info","message":"⌛ Validating golosinas.wlk","timeElapsed":155,"timestamp":"2024-09-11T00:34:06.622Z"}
{"level":"info","message":"⌛ Validating golosinas.wlk","timeElapsed":132,"timestamp":"2024-09-11T00:34:06.759Z"}
{"level":"info","message":"⌛ Building environment","timeElapsed":123,"timestamp":"2024-09-11T00:34:06.884Z"}
{"level":"info","message":"⌛ Validating golosinas.wlk","timeElapsed":143,"timestamp":"2024-09-11T00:34:07.028Z"}
{"level":"info","message":"⌛ Building environment","timeElapsed":127,"timestamp":"2024-09-11T00:34:07.161Z"}
{"level":"info","message":"⌛ Validating golosinas.wlk","timeElapsed":140,"timestamp":"2024-09-11T00:34:07.301Z"}
{"level":"info","message":"⌛ Building environment","timeElapsed":212,"timestamp":"2024-09-11T00:34:07.514Z"}
{"level":"info","message":"⌛ Building environment","timeElapsed":122,"timestamp":"2024-09-11T00:34:07.643Z"}
{"level":"info","message":"⌛ Validating golosinas.wlk","timeElapsed":134,"timestamp":"2024-09-11T00:34:07.778Z"}
{"level":"info","message":"⌛ Building environment","timeElapsed":223,"timestamp":"2024-09-11T00:34:08.003Z"}
{"level":"info","message":"⌛ Building environment","timeElapsed":123,"timestamp":"2024-09-11T00:34:08.126Z"}
{"level":"info","message":"⌛ Validating golosinas.wlk","timeElapsed":152,"timestamp":"2024-09-11T00:34:08.279Z"}
{"level":"info","message":"⌛ Building environment","timeElapsed":117,"timestamp":"2024-09-11T00:34:08.396Z"}
{"level":"info","message":"⌛ Validating golosinas.wlk","timeElapsed":144,"timestamp":"2024-09-11T00:34:08.541Z"}
{"level":"info","message":"⌛ Building environment","timeElapsed":109,"timestamp":"2024-09-11T00:34:08.650Z"}
{"level":"info","message":"⌛ Validating golosinas.wlk","timeElapsed":132,"timestamp":"2024-09-11T00:34:08.787Z"}
{"level":"info","message":"⌛ Validating golosinas.wlk","timeElapsed":137,"timestamp":"2024-09-11T00:34:08.926Z"}
{"level":"info","message":"⌛ Validating golosinas.wlk","timeElapsed":131,"timestamp":"2024-09-11T00:34:09.057Z"}
{"level":"info","message":"⌛ Validating golosinas.wlk","timeElapsed":130,"timestamp":"2024-09-11T00:34:09.187Z"}
{"level":"info","message":"⌛ Building environment","timeElapsed":127,"timestamp":"2024-09-11T00:34:09.478Z"}
{"level":"info","message":"⌛ Validating golosinas.wlk","timeElapsed":131,"timestamp":"2024-09-11T00:34:09.610Z"}
{"level":"info","message":"⌛ Building environment","timeElapsed":134,"timestamp":"2024-09-11T00:34:10.972Z"}
{"level":"info","message":"⌛ Validating golosinas.wlk","timeElapsed":140,"timestamp":"2024-09-11T00:34:11.113Z"}
{"level":"info","message":"⌛ Building environment","timeElapsed":110,"timestamp":"2024-09-11T00:34:11.225Z"}
{"level":"info","message":"⌛ Validating golosinas.wlk","timeElapsed":139,"timestamp":"2024-09-11T00:34:11.370Z"}
{"level":"info","message":"⌛ Building environment","timeElapsed":117,"timestamp":"2024-09-11T00:34:11.587Z"}
{"level":"info","message":"⌛ Validating golosinas.wlk","timeElapsed":140,"timestamp":"2024-09-11T00:34:11.759Z"}
{"level":"info","message":"⌛ Building environment","timeElapsed":136,"timestamp":"2024-09-11T00:34:11.896Z"}
{"level":"info","message":"onRequest - completionItem/resolve","timestamp":"2024-09-11T00:34:11.897Z"}
{"level":"info","message":"⌛ Building environment","timeElapsed":112,"timestamp":"2024-09-11T00:34:12.009Z"}
{"level":"info","message":"onRequest - completionItem/resolve","timestamp":"2024-09-11T00:34:12.009Z"}
{"level":"info","message":"⌛ Building environment","timeElapsed":121,"timestamp":"2024-09-11T00:34:12.131Z"}
{"level":"info","message":"⌛ Validating golosinas.wlk","timeElapsed":133,"timestamp":"2024-09-11T00:34:12.294Z"}
{"level":"info","message":"⌛ Validating golosinas.wlk","timeElapsed":144,"timestamp":"2024-09-11T00:34:12.439Z"}
{"level":"info","message":"⌛ Building environment","timeElapsed":119,"timestamp":"2024-09-11T00:34:12.559Z"}
{"level":"info","message":"⌛ Validating golosinas.wlk","timeElapsed":135,"timestamp":"2024-09-11T00:34:12.694Z"}
{"level":"info","message":"⌛ Building environment","timeElapsed":120,"timestamp":"2024-09-11T00:34:12.814Z"}
{"level":"error","message":"✘ Completions for node failed: Error: [Return]{312c5c} at golosinas.wlk:156 exhausted all cases without a match [Return]{312c5c} at golosinas.wlk:156 exhausted all cases without a match","stack":"Error: [Return]{312c5c} at golosinas.wlk:156 exhausted all cases without a match\n    at /home/datascience/.vscode/extensions/uqbar.wollok-lsp-ide-0.3.4/node_modules/wollok-ts/dist/extensions.js:85:11\n    at completionsForNode (/home/datascience/.vscode/extensions/uqbar.wollok-lsp-ide-0.3.4/server/out/functionalities/autocomplete/node-completion.js:10:44)\n    at /home/datascience/.vscode/extensions/uqbar.wollok-lsp-ide-0.3.4/server/out/functionalities/autocomplete/autocomplete.js:26:154\n    at /home/datascience/.vscode/extensions/uqbar.wollok-lsp-ide-0.3.4/server/out/server.js:198:20\n    at /home/datascience/.vscode/extensions/uqbar.wollok-lsp-ide-0.3.4/server/node_modules/vscode-languageserver/lib/common/server.js:593:20\n    at handleRequest (/home/datascience/.vscode/extensions/uqbar.wollok-lsp-ide-0.3.4/server/node_modules/vscode-jsonrpc/lib/common/connection.js:493:41)\n    at handleMessage (/home/datascience/.vscode/extensions/uqbar.wollok-lsp-ide-0.3.4/server/node_modules/vscode-jsonrpc/lib/common/connection.js:339:13)\n    at processMessageQueue (/home/datascience/.vscode/extensions/uqbar.wollok-lsp-ide-0.3.4/server/node_modules/vscode-jsonrpc/lib/common/connection.js:362:17)\n    at Immediate._onImmediate (/home/datascience/.vscode/extensions/uqbar.wollok-lsp-ide-0.3.4/server/node_modules/vscode-jsonrpc/lib/common/connection.js:334:13)\n    at process.processImmediate (node:internal/timers:478:21)","timestamp":"2024-09-11T00:34:12.837Z"}
{"level":"info","message":"⌛ Building environment","timeElapsed":118,"timestamp":"2024-09-11T00:34:12.957Z"}
{"level":"info","message":"⌛ Validating golosinas.wlk","timeElapsed":138,"timestamp":"2024-09-11T00:34:13.096Z"}
{"level":"info","message":"⌛ Validating golosinas.wlk","timeElapsed":126,"timestamp":"2024-09-11T00:34:13.227Z"}
{"level":"info","message":"⌛ Validating golosinas.wlk","timeElapsed":136,"timestamp":"2024-09-11T00:34:13.364Z"}
{"level":"info","message":"⌛ Building environment","timeElapsed":151,"timestamp":"2024-09-11T00:34:22.252Z"}
{"level":"error","message":"✘ Completions for node failed: Error: [Return]{2534d3} at golosinas.wlk:156 exhausted all cases without a match [Return]{2534d3} at golosinas.wlk:156 exhausted all cases without a match","stack":"Error: [Return]{2534d3} at golosinas.wlk:156 exhausted all cases without a match\n    at /home/datascience/.vscode/extensions/uqbar.wollok-lsp-ide-0.3.4/node_modules/wollok-ts/dist/extensions.js:85:11\n    at completionsForNode (/home/datascience/.vscode/extensions/uqbar.wollok-lsp-ide-0.3.4/server/out/functionalities/autocomplete/node-completion.js:10:44)\n    at completeForParent (/home/datascience/.vscode/extensions/uqbar.wollok-lsp-ide-0.3.4/server/out/functionalities/autocomplete/node-completion.js:56:43)\n    at completeReference (/home/datascience/.vscode/extensions/uqbar.wollok-lsp-ide-0.3.4/server/out/functionalities/autocomplete/node-completion.js:64:135)\n    at /home/datascience/.vscode/extensions/uqbar.wollok-lsp-ide-0.3.4/node_modules/wollok-ts/dist/extensions.js:84:20\n    at completionsForNode (/home/datascience/.vscode/extensions/uqbar.wollok-lsp-ide-0.3.4/server/out/functionalities/autocomplete/node-completion.js:10:44)\n    at /home/datascience/.vscode/extensions/uqbar.wollok-lsp-ide-0.3.4/server/out/functionalities/autocomplete/autocomplete.js:26:154\n    at /home/datascience/.vscode/extensions/uqbar.wollok-lsp-ide-0.3.4/server/out/server.js:198:20\n    at /home/datascience/.vscode/extensions/uqbar.wollok-lsp-ide-0.3.4/server/node_modules/vscode-languageserver/lib/common/server.js:593:20\n    at handleRequest (/home/datascience/.vscode/extensions/uqbar.wollok-lsp-ide-0.3.4/server/node_modules/vscode-jsonrpc/lib/common/connection.js:493:41)","timestamp":"2024-09-11T00:34:22.278Z"}
{"level":"info","message":"⌛ Building environment","timeElapsed":130,"timestamp":"2024-09-11T00:34:22.409Z"}
{"level":"info","message":"⌛ Validating golosinas.wlk","timeElapsed":134,"timestamp":"2024-09-11T00:34:22.544Z"}
{"level":"info","message":"onRequest - completionItem/resolve","timestamp":"2024-09-11T00:34:22.544Z"}
{"level":"info","message":"⌛ Building environment","timeElapsed":146,"timestamp":"2024-09-11T00:34:22.691Z"}
{"level":"info","message":"onRequest - completionItem/resolve","timestamp":"2024-09-11T00:34:22.692Z"}
{"level":"info","message":"⌛ Validating golosinas.wlk","timeElapsed":136,"timestamp":"2024-09-11T00:34:22.828Z"}
{"level":"info","message":"⌛ Validating golosinas.wlk","timeElapsed":149,"timestamp":"2024-09-11T00:34:22.986Z"}
{"level":"info","message":"⌛ Building environment","timeElapsed":172,"timestamp":"2024-09-11T00:34:23.158Z"}
{"level":"info","message":"onRequest - completionItem/resolve","timestamp":"2024-09-11T00:34:23.158Z"}
{"level":"info","message":"⌛ Building environment","timeElapsed":116,"timestamp":"2024-09-11T00:34:23.275Z"}
{"level":"info","message":"onRequest - completionItem/resolve","timestamp":"2024-09-11T00:34:23.281Z"}
{"level":"info","message":"⌛ Building environment","timeElapsed":116,"timestamp":"2024-09-11T00:34:23.397Z"}
{"level":"info","message":"onRequest - completionItem/resolve","timestamp":"2024-09-11T00:34:23.398Z"}
{"level":"info","message":"⌛ Validating golosinas.wlk","timeElapsed":178,"timestamp":"2024-09-11T00:34:23.577Z"}
{"level":"info","message":"⌛ Validating golosinas.wlk","timeElapsed":212,"timestamp":"2024-09-11T00:34:23.790Z"}
{"level":"info","message":"⌛ Validating golosinas.wlk","timeElapsed":127,"timestamp":"2024-09-11T00:34:23.923Z"}
{"level":"info","message":"⌛ Building environment","timeElapsed":149,"timestamp":"2024-09-11T00:34:24.694Z"}
{"level":"info","message":"onRequest - completionItem/resolve","timestamp":"2024-09-11T00:34:24.695Z"}
{"level":"info","message":"⌛ Validating golosinas.wlk","timeElapsed":132,"timestamp":"2024-09-11T00:34:24.828Z"}
{"level":"info","message":"⌛ Building environment","timeElapsed":127,"timestamp":"2024-09-11T00:34:25.268Z"}
{"level":"info","message":"⌛ Validating golosinas.wlk","timeElapsed":135,"timestamp":"2024-09-11T00:34:25.411Z"}
{"level":"info","message":"⌛ Building environment","timeElapsed":111,"timestamp":"2024-09-11T00:34:25.523Z"}
{"level":"info","message":"⌛ Validating golosinas.wlk","timeElapsed":142,"timestamp":"2024-09-11T00:34:25.667Z"}
{"level":"info","message":"⌛ Building environment","timeElapsed":136,"timestamp":"2024-09-11T00:34:25.809Z"}
{"level":"info","message":"⌛ Building environment","timeElapsed":128,"timestamp":"2024-09-11T00:34:25.941Z"}
{"level":"info","message":"⌛ Validating golosinas.wlk","timeElapsed":128,"timestamp":"2024-09-11T00:34:26.070Z"}
{"level":"info","message":"⌛ Building environment","timeElapsed":119,"timestamp":"2024-09-11T00:34:26.189Z"}
{"level":"info","message":"⌛ Validating golosinas.wlk","timeElapsed":125,"timestamp":"2024-09-11T00:34:26.314Z"}
{"level":"info","message":"⌛ Validating golosinas.wlk","timeElapsed":132,"timestamp":"2024-09-11T00:34:26.451Z"}
{"level":"info","message":"⌛ Building environment","timeElapsed":119,"timestamp":"2024-09-11T00:34:26.827Z"}
{"level":"info","message":"⌛ Validating golosinas.wlk","timeElapsed":128,"timestamp":"2024-09-11T00:34:26.956Z"}
{"level":"info","message":"⌛ Building environment","timeElapsed":116,"timestamp":"2024-09-11T00:34:28.330Z"}
{"level":"info","message":"⌛ Validating golosinas.wlk","timeElapsed":144,"timestamp":"2024-09-11T00:34:28.502Z"}
{"level":"info","message":"onRequest - completionItem/resolve","timestamp":"2024-09-11T00:34:28.502Z"}
{"level":"info","message":"⌛ Building environment","timeElapsed":122,"timestamp":"2024-09-11T00:34:28.625Z"}
{"level":"info","message":"onRequest - completionItem/resolve","timestamp":"2024-09-11T00:34:28.625Z"}
{"level":"info","message":"⌛ Validating golosinas.wlk","timeElapsed":161,"timestamp":"2024-09-11T00:34:28.787Z"}
{"level":"info","message":"⌛ Building environment","timeElapsed":141,"timestamp":"2024-09-11T00:34:28.929Z"}
{"level":"info","message":"onRequest - completionItem/resolve","timestamp":"2024-09-11T00:34:28.930Z"}
{"level":"info","message":"⌛ Building environment","timeElapsed":110,"timestamp":"2024-09-11T00:34:29.040Z"}
{"level":"info","message":"onRequest - completionItem/resolve","timestamp":"2024-09-11T00:34:29.040Z"}
{"level":"info","message":"⌛ Validating golosinas.wlk","timeElapsed":132,"timestamp":"2024-09-11T00:34:29.173Z"}
{"level":"info","message":"⌛ Validating golosinas.wlk","timeElapsed":126,"timestamp":"2024-09-11T00:34:29.300Z"}
{"level":"info","message":"⌛ Building environment","timeElapsed":144,"timestamp":"2024-09-11T00:34:29.807Z"}
{"level":"info","message":"⌛ Validating golosinas.wlk","timeElapsed":133,"timestamp":"2024-09-11T00:34:29.941Z"}
{"level":"info","message":"⌛ Building environment","timeElapsed":217,"timestamp":"2024-09-11T00:34:31.773Z"}
{"level":"error","message":"✘ Completions for node failed: Error: [Send]{6cf938} at golosinas.wlk:156 exhausted all cases without a match [Send]{6cf938} at golosinas.wlk:156 exhausted all cases without a match","stack":"Error: [Send]{6cf938} at golosinas.wlk:156 exhausted all cases without a match\n    at /home/datascience/.vscode/extensions/uqbar.wollok-lsp-ide-0.3.4/node_modules/wollok-ts/dist/extensions.js:85:11\n    at completionsForNode (/home/datascience/.vscode/extensions/uqbar.wollok-lsp-ide-0.3.4/server/out/functionalities/autocomplete/node-completion.js:10:44)\n    at completeForParent (/home/datascience/.vscode/extensions/uqbar.wollok-lsp-ide-0.3.4/server/out/functionalities/autocomplete/node-completion.js:56:43)\n    at completeReference (/home/datascience/.vscode/extensions/uqbar.wollok-lsp-ide-0.3.4/server/out/functionalities/autocomplete/node-completion.js:64:135)\n    at /home/datascience/.vscode/extensions/uqbar.wollok-lsp-ide-0.3.4/node_modules/wollok-ts/dist/extensions.js:84:20\n    at completionsForNode (/home/datascience/.vscode/extensions/uqbar.wollok-lsp-ide-0.3.4/server/out/functionalities/autocomplete/node-completion.js:10:44)\n    at /home/datascience/.vscode/extensions/uqbar.wollok-lsp-ide-0.3.4/server/out/functionalities/autocomplete/autocomplete.js:26:154\n    at /home/datascience/.vscode/extensions/uqbar.wollok-lsp-ide-0.3.4/server/out/server.js:198:20\n    at /home/datascience/.vscode/extensions/uqbar.wollok-lsp-ide-0.3.4/server/node_modules/vscode-languageserver/lib/common/server.js:593:20\n    at handleRequest (/home/datascience/.vscode/extensions/uqbar.wollok-lsp-ide-0.3.4/server/node_modules/vscode-jsonrpc/lib/common/connection.js:493:41)","timestamp":"2024-09-11T00:34:31.839Z"}
{"level":"error","message":"✘ Completions for node failed: Error: [Return]{d5a9ff} at golosinas.wlk:156 exhausted all cases without a match [Return]{d5a9ff} at golosinas.wlk:156 exhausted all cases without a match","stack":"Error: [Return]{d5a9ff} at golosinas.wlk:156 exhausted all cases without a match\n    at /home/datascience/.vscode/extensions/uqbar.wollok-lsp-ide-0.3.4/node_modules/wollok-ts/dist/extensions.js:85:11\n    at completionsForNode (/home/datascience/.vscode/extensions/uqbar.wollok-lsp-ide-0.3.4/server/out/functionalities/autocomplete/node-completion.js:10:44)\n    at completeForParent (/home/datascience/.vscode/extensions/uqbar.wollok-lsp-ide-0.3.4/server/out/functionalities/autocomplete/node-completion.js:56:43)\n    at completionsForNode (/home/datascience/.vscode/extensions/uqbar.wollok-lsp-ide-0.3.4/server/out/functionalities/autocomplete/node-completion.js:14:46)\n    at completeForParent (/home/datascience/.vscode/extensions/uqbar.wollok-lsp-ide-0.3.4/server/out/functionalities/autocomplete/node-completion.js:56:43)\n    at completeReference (/home/datascience/.vscode/extensions/uqbar.wollok-lsp-ide-0.3.4/server/out/functionalities/autocomplete/node-completion.js:64:135)\n    at /home/datascience/.vscode/extensions/uqbar.wollok-lsp-ide-0.3.4/node_modules/wollok-ts/dist/extensions.js:84:20\n    at completionsForNode (/home/datascience/.vscode/extensions/uqbar.wollok-lsp-ide-0.3.4/server/out/functionalities/autocomplete/node-completion.js:10:44)\n    at /home/datascience/.vscode/extensions/uqbar.wollok-lsp-ide-0.3.4/server/out/functionalities/autocomplete/autocomplete.js:26:154\n    at /home/datascience/.vscode/extensions/uqbar.wollok-lsp-ide-0.3.4/server/out/server.js:198:20","timestamp":"2024-09-11T00:34:31.840Z"}
{"level":"info","message":"⌛ Building environment","timeElapsed":130,"timestamp":"2024-09-11T00:34:31.977Z"}
{"level":"info","message":"⌛ Validating golosinas.wlk","timeElapsed":137,"timestamp":"2024-09-11T00:34:32.115Z"}
{"level":"info","message":"⌛ Building environment","timeElapsed":121,"timestamp":"2024-09-11T00:34:32.238Z"}
{"level":"info","message":"onRequest - completionItem/resolve","timestamp":"2024-09-11T00:34:32.245Z"}
{"level":"info","message":"⌛ Validating golosinas.wlk","timeElapsed":141,"timestamp":"2024-09-11T00:34:32.387Z"}
{"level":"info","message":"⌛ Building environment","timeElapsed":121,"timestamp":"2024-09-11T00:34:32.508Z"}
{"level":"info","message":"onRequest - completionItem/resolve","timestamp":"2024-09-11T00:34:32.510Z"}
{"level":"info","message":"⌛ Building environment","timeElapsed":212,"timestamp":"2024-09-11T00:34:32.723Z"}
{"level":"info","message":"onRequest - completionItem/resolve","timestamp":"2024-09-11T00:34:32.723Z"}
{"level":"info","message":"⌛ Validating golosinas.wlk","timeElapsed":161,"timestamp":"2024-09-11T00:34:32.885Z"}
{"level":"info","message":"⌛ Building environment","timeElapsed":119,"timestamp":"2024-09-11T00:34:33.004Z"}
{"level":"info","message":"onRequest - completionItem/resolve","timestamp":"2024-09-11T00:34:33.005Z"}
{"level":"info","message":"⌛ Building environment","timeElapsed":130,"timestamp":"2024-09-11T00:34:33.135Z"}
{"level":"info","message":"onRequest - completionItem/resolve","timestamp":"2024-09-11T00:34:33.141Z"}
{"level":"info","message":"⌛ Validating golosinas.wlk","timeElapsed":154,"timestamp":"2024-09-11T00:34:33.296Z"}
{"level":"info","message":"⌛ Building environment","timeElapsed":110,"timestamp":"2024-09-11T00:34:33.407Z"}
{"level":"info","message":"onRequest - completionItem/resolve","timestamp":"2024-09-11T00:34:33.408Z"}
{"level":"info","message":"⌛ Validating golosinas.wlk","timeElapsed":137,"timestamp":"2024-09-11T00:34:33.545Z"}
{"level":"info","message":"⌛ Validating golosinas.wlk","timeElapsed":139,"timestamp":"2024-09-11T00:34:33.689Z"}
{"level":"info","message":"⌛ Validating golosinas.wlk","timeElapsed":133,"timestamp":"2024-09-11T00:34:33.822Z"}
{"level":"info","message":"⌛ Validating golosinas.wlk","timeElapsed":128,"timestamp":"2024-09-11T00:34:33.949Z"}
